JUnit version 4.8
.DOI 10.1108/00000000000000000 could not be retreived.
DOI 10.1108/13563280310474562 could not be retreived.
DOI 10.1108/13620430210449 could not be retreived.
DOI 10.1108/14720700310474028 could not be retreived.
DOI 10.1108/02641610210430523 could not be retreived.
DOI 10.1108/02641610210439164 could not be retreived.
DOI 10.1108/02641610310477198 could not be retreived.
DOI 10.1108/02652320210415962 could not be retreived.
DOI 10.1108/02652320210432945 could not be retreived.
DOI 10.1108/02621710210426862 could not be retreived.
[Fatal Error] :9:16: An invalid XML character (Unicode: 0x1) was found in the element content of the document.
DOI 10.1108/13660750210452143 could not be retreived.
DOI 10.1099/03699420210412566 could not be retreived.
DOI 10.1108/13522750210433002 could not be retreived.
E
Time: 1,101.938
There was 1 failure:
1) addMetadataToPdfs(org.crossref.pdfmark.test.MarkBuilderTest)
java.lang.NoClassDefFoundError: org/bouncycastle/asn1/ASN1OctetString
	at com.lowagie.text.pdf.PdfEncryption.<init>(Unknown Source)
	at com.lowagie.text.pdf.PdfReader.readDecryptedDocObj(Unknown Source)
	at com.lowagie.text.pdf.PdfReader.readDocObj(Unknown Source)
	at com.lowagie.text.pdf.PdfReader.readPdf(Unknown Source)
	at com.lowagie.text.pdf.PdfReader.<init>(Unknown Source)
	at com.lowagie.text.pdf.PdfReader.<init>(Unknown Source)
	at org.crossref.pdfmark.test.PdfInfoDirectory.create(PdfInfoDirectory.java:71)
	at org.crossref.pdfmark.test.MarkBuilderTest.addMetadataToPdfs(MarkBuilderTest.java:54)
	at sun.reflect.NativeMethodAccessorImpl.invoke0(Native Method)
	at sun.reflect.NativeMethodAccessorImpl.invoke(NativeMethodAccessorImpl.java:39)
	at sun.reflect.DelegatingMethodAccessorImpl.invoke(DelegatingMethodAccessorImpl.java:25)
	at java.lang.reflect.Method.invoke(Method.java:597)
	at org.junit.runners.model.FrameworkMethod$1.runReflectiveCall(FrameworkMethod.java:44)
	at org.junit.internal.runners.model.ReflectiveCallable.run(ReflectiveCallable.java:15)
	at org.junit.runners.model.FrameworkMethod.invokeExplosively(FrameworkMethod.java:41)
	at org.junit.internal.runners.statements.InvokeMethod.evaluate(InvokeMethod.java:20)
	at org.junit.internal.runners.statements.RunBefores.evaluate(RunBefores.java:28)
	at org.junit.runners.BlockJUnit4ClassRunner.runChild(BlockJUnit4ClassRunner.java:76)
	at org.junit.runners.BlockJUnit4ClassRunner.runChild(BlockJUnit4ClassRunner.java:50)
	at org.junit.runners.ParentRunner$3.run(ParentRunner.java:193)
	at org.junit.runners.ParentRunner$1.schedule(ParentRunner.java:52)
	at org.junit.runners.ParentRunner.runChildren(ParentRunner.java:191)
	at org.junit.runners.ParentRunner.access$000(ParentRunner.java:42)
	at org.junit.runners.ParentRunner$2.evaluate(ParentRunner.java:184)
	at org.junit.runners.ParentRunner.run(ParentRunner.java:236)
	at org.junit.runners.Suite.runChild(Suite.java:128)
	at org.junit.runners.Suite.runChild(Suite.java:24)
	at org.junit.runners.ParentRunner$3.run(ParentRunner.java:193)
	at org.junit.runners.ParentRunner$1.schedule(ParentRunner.java:52)
	at org.junit.runners.ParentRunner.runChildren(ParentRunner.java:191)
	at org.junit.runners.ParentRunner.access$000(ParentRunner.java:42)
	at org.junit.runners.ParentRunner$2.evaluate(ParentRunner.java:184)
	at org.junit.runners.ParentRunner.run(ParentRunner.java:236)
	at org.junit.runner.JUnitCore.run(JUnitCore.java:157)
	at org.junit.runner.JUnitCore.run(JUnitCore.java:136)
	at org.junit.runner.JUnitCore.run(JUnitCore.java:117)
	at org.junit.runner.JUnitCore.runMain(JUnitCore.java:98)
	at org.junit.runner.JUnitCore.runMainAndExit(JUnitCore.java:53)
	at org.junit.runner.JUnitCore.main(JUnitCore.java:45)
	at org.crossref.pdfmark.test.Main.main(Main.java:8)
Caused by: java.lang.ClassNotFoundException: org.bouncycastle.asn1.ASN1OctetString
	at java.net.URLClassLoader$1.run(URLClassLoader.java:200)
	at java.security.AccessController.doPrivileged(Native Method)
	at java.net.URLClassLoader.findClass(URLClassLoader.java:188)
	at java.lang.ClassLoader.loadClass(ClassLoader.java:319)
	at sun.misc.Launcher$AppClassLoader.loadClass(Launcher.java:330)
	at java.lang.ClassLoader.loadClass(ClassLoader.java:254)
	at java.lang.ClassLoader.loadClassInternal(ClassLoader.java:399)
	... 40 more

FAILURES!!!
Tests run: 1,  Failures: 1

